-- The C compiler identification is GNU 11.4.0
-- The CXX compiler identification is GNU 11.4.0
-- Detecting C compiler ABI info
-- Detecting C compiler ABI info - done
-- Check for working C compiler: /usr/bin/cc - skipped
-- Detecting C compile features
-- Detecting C compile features - done
-- Detecting CXX compiler ABI info
-- Detecting CXX compiler ABI info - done
-- Check for working CXX compiler: /usr/bin/c++ - skipped
-- Detecting CXX compile features
-- Detecting CXX compile features - done
-- Found ament_cmake_auto: 1.3.11 (/opt/ros/humble/share/ament_cmake_auto/cmake)
-- Found Python3: /usr/bin/python3 (found version "3.10.12") found components: Interpreter 
-- Override CMake install command with custom implementation using symlinks instead of copying resources
-- Found rosidl_generator_c: 3.1.6 (/opt/ros/humble/share/rosidl_generator_c/cmake)
-- Found rosidl_adapter: 3.1.6 (/opt/ros/humble/share/rosidl_adapter/cmake)
-- Found rosidl_generator_cpp: 3.1.6 (/opt/ros/humble/share/rosidl_generator_cpp/cmake)
-- Using all available rosidl_typesupport_c: rosidl_typesupport_fastrtps_c;rosidl_typesupport_introspection_c
-- Using all available rosidl_typesupport_cpp: rosidl_typesupport_fastrtps_cpp;rosidl_typesupport_introspection_cpp
-- Found rmw_implementation_cmake: 6.1.2 (/opt/ros/humble/share/rmw_implementation_cmake/cmake)
-- Found rmw_fastrtps_cpp: 6.2.7 (/opt/ros/humble/share/rmw_fastrtps_cpp/cmake)
-- Found OpenSSL: /usr/lib/x86_64-linux-gnu/libcrypto.so (found version "3.0.2")  
-- Found FastRTPS: /opt/ros/humble/include  
-- Using RMW implementation 'rmw_fastrtps_cpp' as default
-- Looking for pthread.h
-- Looking for pthread.h - found
-- Performing Test CMAKE_HAVE_LIBC_PTHREAD
-- Performing Test CMAKE_HAVE_LIBC_PTHREAD - Success
-- Found Threads: TRUE  
-- Configuring done
-- Generating done
-- Build files have been written to: /home/user/ws/src/chibi25_b/build/team_local_goal_creator
[ 33%] [32mBuilding CXX object CMakeFiles/team_local_goal_creator_node.dir/src/local_goal_creator_node.cpp.o[0m
[ 66%] [32mBuilding CXX object CMakeFiles/team_local_goal_creator_node.dir/src/local_goal_creator.cpp.o[0m
[01m[K/home/user/ws/src/chibi25_b/local_goal_creator/src/local_goal_creator.cpp:12:6:[m[K [01;31m[Kerror: [m[Kno declaration matches ‚Äò[01m[Kvoid LocalGoalCreator::poseCallback()[m[K‚Äô
   12 | void [01;31m[KLocalGoalCreator[m[K::poseCallback()//sub„ÅÆ„Ç≥„Éº„É´„Éê„ÉÉ„ÇØÈñ¢Êï∞
      |      [01;31m[K^~~~~~~~~~~~~~~~[m[K
In file included from [01m[K/home/user/ws/src/chibi25_b/local_goal_creator/src/local_goal_creator.cpp:1[m[K:
[01m[K/home/user/ws/src/chibi25_b/local_goal_creator/include/local_goal_creator/local_goal_creator.hpp:18:10:[m[K [01;36m[Knote: [m[Kcandidate is: ‚Äò[01m[Kvoid LocalGoalCreator::poseCallback(geometry_msgs::msg::PoseStamped_<std::allocator<void> >::SharedPtr)[m[K‚Äô
   18 |     void [01;36m[KposeCallback[m[K(const geometry_msgs::msg::PoseStamped::SharedPtr msg);
      |          [01;36m[K^~~~~~~~~~~~[m[K
[01m[K/home/user/ws/src/chibi25_b/local_goal_creator/include/local_goal_creator/local_goal_creator.hpp:9:7:[m[K [01;36m[Knote: [m[K‚Äò[01m[Kclass LocalGoalCreator[m[K‚Äô defined here
    9 | class [01;36m[KLocalGoalCreator[m[K : public rclcpp::Node
      |       [01;36m[K^~~~~~~~~~~~~~~~[m[K
[01m[K/home/user/ws/src/chibi25_b/local_goal_creator/src/local_goal_creator.cpp:17:6:[m[K [01;31m[Kerror: [m[Kno declaration matches ‚Äò[01m[Kvoid LocalGoalCreator::pathCallback()[m[K‚Äô
   17 | void [01;31m[KLocalGoalCreator[m[K::pathCallback()//sub„ÅÆ„Ç≥„Éº„É´„Éê„ÉÉ„ÇØÈñ¢Êï∞
      |      [01;31m[K^~~~~~~~~~~~~~~~[m[K
In file included from [01m[K/home/user/ws/src/chibi25_b/local_goal_creator/src/local_goal_creator.cpp:1[m[K:
[01m[K/home/user/ws/src/chibi25_b/local_goal_creator/include/local_goal_creator/local_goal_creator.hpp:17:10:[m[K [01;36m[Knote: [m[Kcandidate is: ‚Äò[01m[Kvoid LocalGoalCreator::pathCallback(nav_msgs::msg::Path_<std::allocator<void> >::SharedPtr)[m[K‚Äô
   17 |     void [01;36m[KpathCallback[m[K(const nav_msgs::msg::Path::SharedPtr msg);
      |          [01;36m[K^~~~~~~~~~~~[m[K
[01m[K/home/user/ws/src/chibi25_b/local_goal_creator/include/local_goal_creator/local_goal_creator.hpp:9:7:[m[K [01;36m[Knote: [m[K‚Äò[01m[Kclass LocalGoalCreator[m[K‚Äô defined here
    9 | class [01;36m[KLocalGoalCreator[m[K : public rclcpp::Node
      |       [01;36m[K^~~~~~~~~~~~~~~~[m[K
[01m[K/home/user/ws/src/chibi25_b/local_goal_creator/src/local_goal_creator.cpp:[m[K In member function ‚Äò[01m[Kint LocalGoalCreator::getOdomFreq()[m[K‚Äô:
[01m[K/home/user/ws/src/chibi25_b/local_goal_creator/src/local_goal_creator.cpp:25:1:[m[K [01;35m[Kwarning: [m[Kno return statement in function returning non-void [[01;35m[K-Wreturn-type[m[K]
   25 | [01;35m[K}[m[K
      | [01;35m[K^[m[K
[01m[K/home/user/ws/src/chibi25_b/local_goal_creator/src/local_goal_creator.cpp:[m[K In member function ‚Äò[01m[Kdouble LocalGoalCreator::getDistance()[m[K‚Äô:
[01m[K/home/user/ws/src/chibi25_b/local_goal_creator/src/local_goal_creator.cpp:41:1:[m[K [01;35m[Kwarning: [m[Kno return statement in function returning non-void [[01;35m[K-Wreturn-type[m[K]
   41 | [01;35m[K}[m[K
      | [01;35m[K^[m[K
gmake[2]: *** [CMakeFiles/team_local_goal_creator_node.dir/build.make:76: CMakeFiles/team_local_goal_creator_node.dir/src/local_goal_creator.cpp.o] Error 1
gmake[2]: *** Waiting for unfinished jobs....
gmake[1]: *** [CMakeFiles/Makefile2:137: CMakeFiles/team_local_goal_creator_node.dir/all] Error 2
gmake: *** [Makefile:146: all] Error 2
