[0.048s] Invoking command in '/home/user/ws/src/chibi25_b/build/team_local_goal_creator': CMAKE_PREFIX_PATH=${CMAKE_PREFIX_PATH}:/home/user/ws/install/turtlesim_controller_py:/opt/ros/humble /usr/bin/cmake /home/user/ws/src/chibi25_b/local_goal_creator -DCMAKE_BUILD_TYPE=RelWithDebInfo -DAMENT_CMAKE_SYMLINK_INSTALL=1 -DCMAKE_INSTALL_PREFIX=/home/user/ws/src/chibi25_b/install/team_local_goal_creator
[0.409s] -- The C compiler identification is GNU 11.4.0
[0.584s] -- The CXX compiler identification is GNU 11.4.0
[0.601s] -- Detecting C compiler ABI info
[0.710s] -- Detecting C compiler ABI info - done
[0.722s] -- Check for working C compiler: /usr/bin/cc - skipped
[0.723s] -- Detecting C compile features
[0.725s] -- Detecting C compile features - done
[0.727s] -- Detecting CXX compiler ABI info
[0.820s] -- Detecting CXX compiler ABI info - done
[0.832s] -- Check for working CXX compiler: /usr/bin/c++ - skipped
[0.832s] -- Detecting CXX compile features
[0.833s] -- Detecting CXX compile features - done
[0.856s] -- Found ament_cmake_auto: 1.3.11 (/opt/ros/humble/share/ament_cmake_auto/cmake)
[1.096s] -- Found Python3: /usr/bin/python3 (found version "3.10.12") found components: Interpreter 
[1.195s] -- Override CMake install command with custom implementation using symlinks instead of copying resources
[1.488s] -- Found rosidl_generator_c: 3.1.6 (/opt/ros/humble/share/rosidl_generator_c/cmake)
[1.501s] -- Found rosidl_adapter: 3.1.6 (/opt/ros/humble/share/rosidl_adapter/cmake)
[1.521s] -- Found rosidl_generator_cpp: 3.1.6 (/opt/ros/humble/share/rosidl_generator_cpp/cmake)
[1.561s] -- Using all available rosidl_typesupport_c: rosidl_typesupport_fastrtps_c;rosidl_typesupport_introspection_c
[1.596s] -- Using all available rosidl_typesupport_cpp: rosidl_typesupport_fastrtps_cpp;rosidl_typesupport_introspection_cpp
[1.695s] -- Found rmw_implementation_cmake: 6.1.2 (/opt/ros/humble/share/rmw_implementation_cmake/cmake)
[1.705s] -- Found rmw_fastrtps_cpp: 6.2.7 (/opt/ros/humble/share/rmw_fastrtps_cpp/cmake)
[1.877s] -- Found OpenSSL: /usr/lib/x86_64-linux-gnu/libcrypto.so (found version "3.0.2")  
[1.917s] -- Found FastRTPS: /opt/ros/humble/include  
[1.979s] -- Using RMW implementation 'rmw_fastrtps_cpp' as default
[2.002s] -- Looking for pthread.h
[2.102s] -- Looking for pthread.h - found
[2.103s] -- Performing Test CMAKE_HAVE_LIBC_PTHREAD
[2.196s] -- Performing Test CMAKE_HAVE_LIBC_PTHREAD - Success
[2.198s] -- Found Threads: TRUE  
[2.401s] -- Configuring done
[2.419s] -- Generating done
[2.425s] -- Build files have been written to: /home/user/ws/src/chibi25_b/build/team_local_goal_creator
[2.456s] Invoked command in '/home/user/ws/src/chibi25_b/build/team_local_goal_creator' returned '0': CMAKE_PREFIX_PATH=${CMAKE_PREFIX_PATH}:/home/user/ws/install/turtlesim_controller_py:/opt/ros/humble /usr/bin/cmake /home/user/ws/src/chibi25_b/local_goal_creator -DCMAKE_BUILD_TYPE=RelWithDebInfo -DAMENT_CMAKE_SYMLINK_INSTALL=1 -DCMAKE_INSTALL_PREFIX=/home/user/ws/src/chibi25_b/install/team_local_goal_creator
[2.459s] Invoking command in '/home/user/ws/src/chibi25_b/build/team_local_goal_creator': CMAKE_PREFIX_PATH=${CMAKE_PREFIX_PATH}:/home/user/ws/install/turtlesim_controller_py:/opt/ros/humble /usr/bin/cmake --build /home/user/ws/src/chibi25_b/build/team_local_goal_creator -- -j12 -l12
[2.523s] [ 33%] [32mBuilding CXX object CMakeFiles/team_local_goal_creator_node.dir/src/local_goal_creator_node.cpp.o[0m
[2.527s] [ 66%] [32mBuilding CXX object CMakeFiles/team_local_goal_creator_node.dir/src/local_goal_creator.cpp.o[0m
[7.688s] [01m[K/home/user/ws/src/chibi25_b/local_goal_creator/src/local_goal_creator.cpp:12:6:[m[K [01;31m[Kerror: [m[Kno declaration matches ‚Äò[01m[Kvoid LocalGoalCreator::poseCallback()[m[K‚Äô
[7.688s]    12 | void [01;31m[KLocalGoalCreator[m[K::poseCallback()//sub„ÅÆ„Ç≥„Éº„É´„Éê„ÉÉ„ÇØÈñ¢Êï∞
[7.689s]       |      [01;31m[K^~~~~~~~~~~~~~~~[m[K
[7.689s] In file included from [01m[K/home/user/ws/src/chibi25_b/local_goal_creator/src/local_goal_creator.cpp:1[m[K:
[7.689s] [01m[K/home/user/ws/src/chibi25_b/local_goal_creator/include/local_goal_creator/local_goal_creator.hpp:18:10:[m[K [01;36m[Knote: [m[Kcandidate is: ‚Äò[01m[Kvoid LocalGoalCreator::poseCallback(geometry_msgs::msg::PoseStamped_<std::allocator<void> >::SharedPtr)[m[K‚Äô
[7.689s]    18 |     void [01;36m[KposeCallback[m[K(const geometry_msgs::msg::PoseStamped::SharedPtr msg);
[7.690s]       |          [01;36m[K^~~~~~~~~~~~[m[K
[7.690s] [01m[K/home/user/ws/src/chibi25_b/local_goal_creator/include/local_goal_creator/local_goal_creator.hpp:9:7:[m[K [01;36m[Knote: [m[K‚Äò[01m[Kclass LocalGoalCreator[m[K‚Äô defined here
[7.690s]     9 | class [01;36m[KLocalGoalCreator[m[K : public rclcpp::Node
[7.691s]       |       [01;36m[K^~~~~~~~~~~~~~~~[m[K
[7.691s] [01m[K/home/user/ws/src/chibi25_b/local_goal_creator/src/local_goal_creator.cpp:17:6:[m[K [01;31m[Kerror: [m[Kno declaration matches ‚Äò[01m[Kvoid LocalGoalCreator::pathCallback()[m[K‚Äô
[7.691s]    17 | void [01;31m[KLocalGoalCreator[m[K::pathCallback()//sub„ÅÆ„Ç≥„Éº„É´„Éê„ÉÉ„ÇØÈñ¢Êï∞
[7.691s]       |      [01;31m[K^~~~~~~~~~~~~~~~[m[K
[7.691s] In file included from [01m[K/home/user/ws/src/chibi25_b/local_goal_creator/src/local_goal_creator.cpp:1[m[K:
[7.692s] [01m[K/home/user/ws/src/chibi25_b/local_goal_creator/include/local_goal_creator/local_goal_creator.hpp:17:10:[m[K [01;36m[Knote: [m[Kcandidate is: ‚Äò[01m[Kvoid LocalGoalCreator::pathCallback(nav_msgs::msg::Path_<std::allocator<void> >::SharedPtr)[m[K‚Äô
[7.692s]    17 |     void [01;36m[KpathCallback[m[K(const nav_msgs::msg::Path::SharedPtr msg);
[7.692s]       |          [01;36m[K^~~~~~~~~~~~[m[K
[7.693s] [01m[K/home/user/ws/src/chibi25_b/local_goal_creator/include/local_goal_creator/local_goal_creator.hpp:9:7:[m[K [01;36m[Knote: [m[K‚Äò[01m[Kclass LocalGoalCreator[m[K‚Äô defined here
[7.693s]     9 | class [01;36m[KLocalGoalCreator[m[K : public rclcpp::Node
[7.693s]       |       [01;36m[K^~~~~~~~~~~~~~~~[m[K
[7.694s] [01m[K/home/user/ws/src/chibi25_b/local_goal_creator/src/local_goal_creator.cpp:[m[K In member function ‚Äò[01m[Kint LocalGoalCreator::getOdomFreq()[m[K‚Äô:
[7.694s] [01m[K/home/user/ws/src/chibi25_b/local_goal_creator/src/local_goal_creator.cpp:25:1:[m[K [01;35m[Kwarning: [m[Kno return statement in function returning non-void [[01;35m[K-Wreturn-type[m[K]
[7.694s]    25 | [01;35m[K}[m[K
[7.694s]       | [01;35m[K^[m[K
[7.695s] [01m[K/home/user/ws/src/chibi25_b/local_goal_creator/src/local_goal_creator.cpp:[m[K In member function ‚Äò[01m[Kdouble LocalGoalCreator::getDistance()[m[K‚Äô:
[7.695s] [01m[K/home/user/ws/src/chibi25_b/local_goal_creator/src/local_goal_creator.cpp:41:1:[m[K [01;35m[Kwarning: [m[Kno return statement in function returning non-void [[01;35m[K-Wreturn-type[m[K]
[7.695s]    41 | [01;35m[K}[m[K
[7.695s]       | [01;35m[K^[m[K
[8.917s] gmake[2]: *** [CMakeFiles/team_local_goal_creator_node.dir/build.make:76: CMakeFiles/team_local_goal_creator_node.dir/src/local_goal_creator.cpp.o] Error 1
[8.918s] gmake[2]: *** Waiting for unfinished jobs....
[9.665s] gmake[1]: *** [CMakeFiles/Makefile2:137: CMakeFiles/team_local_goal_creator_node.dir/all] Error 2
[9.665s] gmake: *** [Makefile:146: all] Error 2
