[0.046s] Invoking command in '/home/user/ws/src/chibi25_b/build/teamb_global_path_planner': CMAKE_PREFIX_PATH=${CMAKE_PREFIX_PATH}:/home/user/ws/install/turtlesim_controller_py:/opt/ros/humble /usr/bin/cmake /home/user/ws/src/chibi25_b/global_path_planner -DCMAKE_BUILD_TYPE=RelWithDebInfo -DAMENT_CMAKE_SYMLINK_INSTALL=1 -DCMAKE_INSTALL_PREFIX=/home/user/ws/src/chibi25_b/install/teamb_global_path_planner
[0.400s] -- The C compiler identification is GNU 11.4.0
[0.569s] -- The CXX compiler identification is GNU 11.4.0
[0.589s] -- Detecting C compiler ABI info
[0.700s] -- Detecting C compiler ABI info - done
[0.712s] -- Check for working C compiler: /usr/bin/cc - skipped
[0.713s] -- Detecting C compile features
[0.713s] -- Detecting C compile features - done
[0.717s] -- Detecting CXX compiler ABI info
[0.827s] -- Detecting CXX compiler ABI info - done
[0.840s] -- Check for working CXX compiler: /usr/bin/c++ - skipped
[0.841s] -- Detecting CXX compile features
[0.842s] -- Detecting CXX compile features - done
[0.844s] -- Found ament_cmake_auto: 1.3.11 (/opt/ros/humble/share/ament_cmake_auto/cmake)
[1.095s] -- Found Python3: /usr/bin/python3 (found version "3.10.12") found components: Interpreter 
[1.194s] -- Override CMake install command with custom implementation using symlinks instead of copying resources
[1.476s] -- Found rosidl_generator_c: 3.1.6 (/opt/ros/humble/share/rosidl_generator_c/cmake)
[1.490s] -- Found rosidl_adapter: 3.1.6 (/opt/ros/humble/share/rosidl_adapter/cmake)
[1.510s] -- Found rosidl_generator_cpp: 3.1.6 (/opt/ros/humble/share/rosidl_generator_cpp/cmake)
[1.549s] -- Using all available rosidl_typesupport_c: rosidl_typesupport_fastrtps_c;rosidl_typesupport_introspection_c
[1.583s] -- Using all available rosidl_typesupport_cpp: rosidl_typesupport_fastrtps_cpp;rosidl_typesupport_introspection_cpp
[1.683s] -- Found rmw_implementation_cmake: 6.1.2 (/opt/ros/humble/share/rmw_implementation_cmake/cmake)
[1.693s] -- Found rmw_fastrtps_cpp: 6.2.7 (/opt/ros/humble/share/rmw_fastrtps_cpp/cmake)
[1.866s] -- Found OpenSSL: /usr/lib/x86_64-linux-gnu/libcrypto.so (found version "3.0.2")  
[1.909s] -- Found FastRTPS: /opt/ros/humble/include  
[1.967s] -- Using RMW implementation 'rmw_fastrtps_cpp' as default
[1.990s] -- Looking for pthread.h
[2.092s] -- Looking for pthread.h - found
[2.093s] -- Performing Test CMAKE_HAVE_LIBC_PTHREAD
[2.190s] -- Performing Test CMAKE_HAVE_LIBC_PTHREAD - Success
[2.191s] -- Found Threads: TRUE  
[2.402s] -- Configuring done
[2.417s] -- Generating done
[2.423s] -- Build files have been written to: /home/user/ws/src/chibi25_b/build/teamb_global_path_planner
[2.451s] Invoked command in '/home/user/ws/src/chibi25_b/build/teamb_global_path_planner' returned '0': CMAKE_PREFIX_PATH=${CMAKE_PREFIX_PATH}:/home/user/ws/install/turtlesim_controller_py:/opt/ros/humble /usr/bin/cmake /home/user/ws/src/chibi25_b/global_path_planner -DCMAKE_BUILD_TYPE=RelWithDebInfo -DAMENT_CMAKE_SYMLINK_INSTALL=1 -DCMAKE_INSTALL_PREFIX=/home/user/ws/src/chibi25_b/install/teamb_global_path_planner
[2.454s] Invoking command in '/home/user/ws/src/chibi25_b/build/teamb_global_path_planner': CMAKE_PREFIX_PATH=${CMAKE_PREFIX_PATH}:/home/user/ws/install/turtlesim_controller_py:/opt/ros/humble /usr/bin/cmake --build /home/user/ws/src/chibi25_b/build/teamb_global_path_planner -- -j12 -l12
[2.523s] [ 33%] [32mBuilding CXX object CMakeFiles/teamb_global_path_planner_node.dir/src/global_path_planner_node.cpp.o[0m
[2.524s] [ 66%] [32mBuilding CXX object CMakeFiles/teamb_global_path_planner_node.dir/src/global_path_planner.cpp.o[0m
[7.631s] [01m[K/home/user/ws/src/chibi25_b/global_path_planner/src/global_path_planner.cpp:[m[K In constructor ‚Äò[01m[KAstar::Astar()[m[K‚Äô:
[7.632s] [01m[K/home/user/ws/src/chibi25_b/global_path_planner/src/global_path_planner.cpp:10:5:[m[K [01;31m[Kerror: [m[K‚Äò[01m[Krobot_radius_[m[K‚Äô was not declared in this scope
[7.632s]    10 |     [01;31m[Krobot_radius_[m[K = this->declare_parameter<double>("robot_radius",0.3);
[7.632s]       |     [01;31m[K^~~~~~~~~~~~~[m[K
[7.653s] [01m[K/home/user/ws/src/chibi25_b/global_path_planner/src/global_path_planner.cpp:[m[K At global scope:
[7.653s] [01m[K/home/user/ws/src/chibi25_b/global_path_planner/src/global_path_planner.cpp:38:6:[m[K [01;31m[Kerror: [m[Kno declaration matches ‚Äò[01m[Kvoid Astar::map_callback(nav_msgs::msg::OccupancyGrid)[m[K‚Äô
[7.653s]    38 | void [01;31m[KAstar[m[K::map_callback(const nav_msgs::msg::OccupancyGrid msg)  //„Éû„ÉÉ„Éó„ÅÆË™≠„ÅøËæº„Åø
[7.653s]       |      [01;31m[K^~~~~[m[K
[7.654s] In file included from [01m[K/home/user/ws/src/chibi25_b/global_path_planner/src/global_path_planner.cpp:1[m[K:
[7.654s] [01m[K/home/user/ws/src/chibi25_b/global_path_planner/include/global_path_planner/global_path_planner.hpp:43:10:[m[K [01;36m[Knote: [m[Kcandidate is: ‚Äò[01m[Kvoid Astar::map_callback(nav_msgs::msg::OccupancyGrid_<std::allocator<void> >::SharedPtr)[m[K‚Äô
[7.654s]    43 |     void [01;36m[Kmap_callback[m[K(const nav_msgs::msg::OccupancyGrid::SharedPtr msg);  // „Éû„ÉÉ„Éó„Éá„Éº„Çø„ÇíÂèó‰ø°„ÅóÂá¶ÁêÜ
[7.654s]       |          [01;36m[K^~~~~~~~~~~~[m[K
[7.654s] [01m[K/home/user/ws/src/chibi25_b/global_path_planner/include/global_path_planner/global_path_planner.hpp:37:7:[m[K [01;36m[Knote: [m[K‚Äò[01m[Kclass Astar[m[K‚Äô defined here
[7.654s]    37 | class [01;36m[KAstar[m[K : public rclcpp::Node {
[7.654s]       |       [01;36m[K^~~~~[m[K
[7.668s] [01m[K/home/user/ws/src/chibi25_b/global_path_planner/src/global_path_planner.cpp:[m[K In member function ‚Äò[01m[Kvoid Astar::obs_expander()[m[K‚Äô:
[7.668s] [01m[K/home/user/ws/src/chibi25_b/global_path_planner/src/global_path_planner.cpp:53:10:[m[K [01;31m[Kerror: [m[K‚Äò[01m[Kmap_received_[m[K‚Äô was not declared in this scope
[7.669s]    53 |     if (![01;31m[Kmap_received_[m[K) {
[7.669s]       |          [01;31m[K^~~~~~~~~~~~~[m[K
[7.684s] [01m[K/home/user/ws/src/chibi25_b/global_path_planner/src/global_path_planner.cpp:62:48:[m[K [01;31m[Kerror: [m[K‚Äò[01m[Krobot_radius_[m[K‚Äô was not declared in this scope
[7.684s]    62 |     margin_length = static_cast<int>(std::ceil([01;31m[Krobot_radius_[m[K / resolution_));  // „Çª„É´Âçò‰Ωç„ÅÆÊã°ÂºµÁØÑÂõ≤
[7.685s]       |                                                [01;31m[K^~~~~~~~~~~~~[m[K
[7.685s] [01m[K/home/user/ws/src/chibi25_b/global_path_planner/src/global_path_planner.cpp:66:34:[m[K [01;31m[Kerror: [m[Koverloaded function with no contextual type information
[7.686s]    66 |             index = y * width_ + [01;31m[Kx[m[K;
[7.686s]       |                                  [01;31m[K^[m[K
[7.687s] [01m[K/home/user/ws/src/chibi25_b/global_path_planner/src/global_path_planner.cpp:68:27:[m[K [01;31m[Kerror: [m[Kno matching function for call to ‚Äò[01m[KAstar::obs_expand(<unresolved overloaded function type>, std::vector<signed char, std::allocator<signed char> >&)[m[K‚Äô
[7.687s]    68 |                 [01;31m[Kobs_expand(index, new_map_data)[m[K;
[7.687s]       |                 [01;31m[K~~~~~~~~~~^~~~~~~~~~~~~~~~~~~~~[m[K
[7.689s] In file included from [01m[K/home/user/ws/src/chibi25_b/global_path_planner/src/global_path_planner.cpp:1[m[K:
[7.689s] [01m[K/home/user/ws/src/chibi25_b/global_path_planner/include/global_path_planner/global_path_planner.hpp:46:10:[m[K [01;36m[Knote: [m[Kcandidate: ‚Äò[01m[Kvoid Astar::obs_expand(int)[m[K‚Äô
[7.689s]    46 |     void [01;36m[Kobs_expand[m[K(const int index);                // ÊåáÂÆö„Åï„Çå„Åü„Ç§„É≥„Éá„ÉÉ„ÇØ„Çπ„ÅÆÈöúÂÆ≥Áâ©„ÇíÊã°Âºµ
[7.690s]       |          [01;36m[K^~~~~~~~~~[m[K
[7.691s] [01m[K/home/user/ws/src/chibi25_b/global_path_planner/include/global_path_planner/global_path_planner.hpp:46:10:[m[K [01;36m[Knote: [m[K  candidate expects 1 argument, 2 provided
[7.691s] [01m[K/home/user/ws/src/chibi25_b/global_path_planner/src/global_path_planner.cpp:[m[K At global scope:
[7.692s] [01m[K/home/user/ws/src/chibi25_b/global_path_planner/src/global_path_planner.cpp:82:6:[m[K [01;31m[Kerror: [m[Kno declaration matches ‚Äò[01m[Kvoid Astar::obs_expand(int, std::vector<signed char, std::allocator<signed char> >)[m[K‚Äô
[7.692s]    82 | void [01;31m[KAstar[m[K::obs_expand(const int index,std::vector<int8_t> new_map_data)
[7.692s]       |      [01;31m[K^~~~~[m[K
[7.693s] In file included from [01m[K/home/user/ws/src/chibi25_b/global_path_planner/src/global_path_planner.cpp:1[m[K:
[7.694s] [01m[K/home/user/ws/src/chibi25_b/global_path_planner/include/global_path_planner/global_path_planner.hpp:46:10:[m[K [01;36m[Knote: [m[Kcandidate is: ‚Äò[01m[Kvoid Astar::obs_expand(int)[m[K‚Äô
[7.694s]    46 |     void [01;36m[Kobs_expand[m[K(const int index);                // ÊåáÂÆö„Åï„Çå„Åü„Ç§„É≥„Éá„ÉÉ„ÇØ„Çπ„ÅÆÈöúÂÆ≥Áâ©„ÇíÊã°Âºµ
[7.694s]       |          [01;36m[K^~~~~~~~~~[m[K
[7.695s] [01m[K/home/user/ws/src/chibi25_b/global_path_planner/include/global_path_planner/global_path_planner.hpp:37:7:[m[K [01;36m[Knote: [m[K‚Äò[01m[Kclass Astar[m[K‚Äô defined here
[7.695s]    37 | class [01;36m[KAstar[m[K : public rclcpp::Node {
[7.695s]       |       [01;36m[K^~~~~[m[K
[7.695s] [01m[K/home/user/ws/src/chibi25_b/global_path_planner/src/global_path_planner.cpp:[m[K In member function ‚Äò[01m[KNode_ Astar::set_way_point(int)[m[K‚Äô:
[7.695s] [01m[K/home/user/ws/src/chibi25_b/global_path_planner/src/global_path_planner.cpp:130:43:[m[K [01;31m[Kerror: [m[Kno matching function for call to ‚Äò[01m[KAstar::create_neighbor_nodes(Node_&)[m[K‚Äô
[7.696s]   130 |         goal_node_ = [01;31m[Kcreate_neighbor_nodes(start_node_)[m[K;
[7.696s]       |                      [01;31m[K~~~~~~~~~~~~~~~~~~~~~^~~~~~~~~~~~~[m[K
[7.696s] In file included from [01m[K/home/user/ws/src/chibi25_b/global_path_planner/src/global_path_planner.cpp:1[m[K:
[7.696s] [01m[K/home/user/ws/src/chibi25_b/global_path_planner/include/global_path_planner/global_path_planner.hpp:54:10:[m[K [01;36m[Knote: [m[Kcandidate: ‚Äò[01m[Kvoid Astar::create_neighbor_nodes(Node_, std::vector<Node_>&)[m[K‚Äô
[7.696s]    54 |     void [01;36m[Kcreate_neighbor_nodes[m[K(const Node_ node, std::vector<Node_>& nodes); // ÊåáÂÆö„Éé„Éº„Éâ„ÅÆÈö£Êé•„Éé„Éº„Éâ„Çí‰ΩúÊàê
[7.697s]       |          [01;36m[K^~~~~~~~~~~~~~~~~~~~~[m[K
[7.697s] [01m[K/home/user/ws/src/chibi25_b/global_path_planner/include/global_path_planner/global_path_planner.hpp:54:10:[m[K [01;36m[Knote: [m[K  candidate expects 2 arguments, 1 provided
[7.697s] [01m[K/home/user/ws/src/chibi25_b/global_path_planner/src/global_path_planner.cpp:137:1:[m[K [01;35m[Kwarning: [m[Kno return statement in function returning non-void [[01;35m[K-Wreturn-type[m[K]
[7.697s]   137 | [01;35m[K}[m[K
[7.697s]       | [01;35m[K^[m[K
[7.698s] [01m[K/home/user/ws/src/chibi25_b/global_path_planner/src/global_path_planner.cpp:[m[K In member function ‚Äò[01m[Kvoid Astar::create_path(Node_)[m[K‚Äô:
[7.698s] [01m[K/home/user/ws/src/chibi25_b/global_path_planner/src/global_path_planner.cpp:147:16:[m[K [01;31m[Kerror: [m[K‚Äò[01m[Kstruct Node_[m[K‚Äô has no member named ‚Äò[01m[Kparent[m[K‚Äô; did you mean ‚Äò[01m[Kparent_x[m[K‚Äô?
[7.698s]   147 |     while(node.[01;31m[Kparent[m[K){
[7.698s]       |                [01;31m[K^~~~~~[m[K
[7.698s]       |                [32m[Kparent_x[m[K
[7.699s] [01m[K/home/user/ws/src/chibi25_b/global_path_planner/src/global_path_planner.cpp:[m[K In member function ‚Äò[01m[KNode_ Astar::select_min_f()[m[K‚Äô:
[7.699s] [01m[K/home/user/ws/src/chibi25_b/global_path_planner/src/global_path_planner.cpp:188:34:[m[K [01;31m[Kerror: [m[Kcannot convert ‚Äò[01m[K__gnu_cxx::__normal_iterator<Node_*, std::vector<Node_> >[m[K‚Äô to ‚Äò[01m[Kdouble[m[K‚Äô in assignment
[7.699s]   188 |     smallest_f = [01;31m[Kstd::min_element(open_list_.begin(),open_list_.end(), [](const Node_& a, const Node_& b){[m[K
[7.700s]       |                  [01;31m[K~~~~~~~~~~~~~~~~^~~~~~~~~~~~~~~~~~~~~~~~~~~~~~~~~~~~~~~~~~~~~~~~~~~~~~~~~~~~~~~~~~~~~~~~~[m[K
[7.700s]       |                                  [01;31m[K|[m[K
[7.700s]       |                                  [01;31m[K__gnu_cxx::__normal_iterator<Node_*, std::vector<Node_> >[m[K
[7.700s]   189 | [01;31m[K        return a.f < b.f;[m[K
[7.700s]       |         [01;31m[K~~~~~~~~~~~~~~~~~[m[K         
[7.701s]   190 | [01;31m[K    })[m[K;//min_element„ÅØÊØîËºÉ„Å´„Çà„Å£„Å¶ÊúÄÂ∞èÂÄ§„ÇíË¶ã„Å§„ÅëÂá∫„ÅôÈñ¢Êï∞
[7.701s]       |     [01;31m[K~~[m[K                            
[7.701s] [01m[K/home/user/ws/src/chibi25_b/global_path_planner/src/global_path_planner.cpp:191:1:[m[K [01;35m[Kwarning: [m[Kno return statement in function returning non-void [[01;35m[K-Wreturn-type[m[K]
[7.701s]   191 | [01;35m[K}[m[K
[7.702s]       | [01;35m[K^[m[K
[7.702s] [01m[K/home/user/ws/src/chibi25_b/global_path_planner/src/global_path_planner.cpp:[m[K In member function ‚Äò[01m[Kint Astar::check_list(Node_, std::vector<Node_>&)[m[K‚Äô:
[7.703s] [01m[K/home/user/ws/src/chibi25_b/global_path_planner/src/global_path_planner.cpp:215:32:[m[K [01;31m[Kerror: [m[K‚Äò[01m[Klist[m[K‚Äô was not declared in this scope
[7.703s]   215 |     auto result = std::find_if([01;31m[Klist[m[K.begin(),list.end(), [](const Node_& n){
[7.703s]       |                                [01;31m[K^~~~[m[K
[7.704s] [01m[K/home/user/ws/src/chibi25_b/global_path_planner/src/global_path_planner.cpp:215:32:[m[K [01;36m[Knote: [m[Ksuggested alternatives:
[7.704s] In file included from [01m[K/usr/include/c++/11/list:63[m[K,
[7.704s]                  from [01m[K/opt/ros/humble/include/rclcpp/rclcpp/executor.hpp:23[m[K,
[7.705s]                  from [01m[K/opt/ros/humble/include/rclcpp/rclcpp/executors/multi_threaded_executor.hpp:25[m[K,
[7.705s]                  from [01m[K/opt/ros/humble/include/rclcpp/rclcpp/executors.hpp:21[m[K,
[7.706s]                  from [01m[K/opt/ros/humble/include/rclcpp/rclcpp/rclcpp.hpp:155[m[K,
[7.707s]                  from [01m[K/home/user/ws/src/chibi25_b/global_path_planner/include/global_path_planner/global_path_planner.hpp:4[m[K,
[7.707s]                  from [01m[K/home/user/ws/src/chibi25_b/global_path_planner/src/global_path_planner.cpp:1[m[K:
[7.708s] [01m[K/usr/include/c++/11/bits/stl_list.h:557:11:[m[K [01;36m[Knote: [m[K  ‚Äò[01m[Kstd::__cxx11::list[m[K‚Äô
[7.708s]   557 |     class [01;36m[Klist[m[K : protected _List_base<_Tp, _Alloc>
[7.708s]       |           [01;36m[K^~~~[m[K
[7.709s] In file included from [01m[K/opt/ros/humble/include/rclcpp/rclcpp/executor.hpp:23[m[K,
[7.709s]                  from [01m[K/opt/ros/humble/include/rclcpp/rclcpp/executors/multi_threaded_executor.hpp:25[m[K,
[7.710s]                  from [01m[K/opt/ros/humble/include/rclcpp/rclcpp/executors.hpp:21[m[K,
[7.710s]                  from [01m[K/opt/ros/humble/include/rclcpp/rclcpp/rclcpp.hpp:155[m[K,
[7.710s]                  from [01m[K/home/user/ws/src/chibi25_b/global_path_planner/include/global_path_planner/global_path_planner.hpp:4[m[K,
[7.711s]                  from [01m[K/home/user/ws/src/chibi25_b/global_path_planner/src/global_path_planner.cpp:1[m[K:
[7.711s] [01m[K/usr/include/c++/11/list:78:13:[m[K [01;36m[Knote: [m[K  ‚Äò[01m[Kstd::pmr::list[m[K‚Äô
[7.711s]    78 |       using [01;36m[Klist[m[K = std::list<_Tp, polymorphic_allocator<_Tp>>;
[7.712s]       |             [01;36m[K^~~~[m[K
[7.712s] [01m[K/home/user/ws/src/chibi25_b/global_path_planner/src/global_path_planner.cpp:[m[K In lambda function:
[7.712s] [01m[K/home/user/ws/src/chibi25_b/global_path_planner/src/global_path_planner.cpp:216:34:[m[K [01;31m[Kerror: [m[K‚Äò[01m[Knode[m[K‚Äô was not declared in this scope; did you mean ‚Äò[01m[KNode[m[K‚Äô?
[7.713s]   216 |         return check_same_node(n,[01;31m[Knode[m[K);//Âêå„Åò„Éé„Éº„Éâ„ÇíÊé¢„Åô
[7.713s]       |                                  [01;31m[K^~~~[m[K
[7.713s]       |                                  [32m[KNode[m[K
[7.714s] [01m[K/home/user/ws/src/chibi25_b/global_path_planner/src/global_path_planner.cpp:[m[K In member function ‚Äò[01m[Kvoid Astar::swap_node(Node_, std::vector<Node_>&, std::vector<Node_>&)[m[K‚Äô:
[7.714s] [01m[K/home/user/ws/src/chibi25_b/global_path_planner/src/global_path_planner.cpp:231:21:[m[K [01;31m[Kerror: [m[Kinvalid type argument of unary ‚Äò[01m[K*[m[K‚Äô (have ‚Äò[01m[Kint[m[K‚Äô)
[7.714s]   231 |     list2.push_back([01;31m[K*result[m[K);//Ë¶ã„Å§„Åë„Åü„Éé„Éº„Éâ„Çílist2„ÅÆÊú´Â∞æ„Å´ËøΩÂä†
[7.715s]       |                     [01;31m[K^~~~~~~[m[K
[7.715s] [01m[K/home/user/ws/src/chibi25_b/global_path_planner/src/global_path_planner.cpp:232:16:[m[K [01;31m[Kerror: [m[Kno matching function for call to ‚Äò[01m[Kstd::vector<Node_>::erase(int&)[m[K‚Äô
[7.715s]   232 |     [01;31m[Klist1.erase(result)[m[K;//list2„Åã„ÇâÊåáÂÆö„ÅÆ„Éé„Éº„Éâ„ÇíÂâäÈô§
[7.716s]       |     [01;31m[K~~~~~~~~~~~^~~~~~~~[m[K
[7.716s] In file included from [01m[K/usr/include/c++/11/vector:67[m[K,
[7.716s]                  from [01m[K/usr/include/c++/11/functional:62[m[K,
[7.716s]                  from [01m[K/usr/include/c++/11/pstl/glue_algorithm_defs.h:13[m[K,
[7.716s]                  from [01m[K/usr/include/c++/11/algorithm:74[m[K,
[7.716s]                  from [01m[K/opt/ros/humble/include/rclcpp/rclcpp/executor.hpp:18[m[K,
[7.716s]                  from [01m[K/opt/ros/humble/include/rclcpp/rclcpp/executors/multi_threaded_executor.hpp:25[m[K,
[7.717s]                  from [01m[K/opt/ros/humble/include/rclcpp/rclcpp/executors.hpp:21[m[K,
[7.717s]                  from [01m[K/opt/ros/humble/include/rclcpp/rclcpp/rclcpp.hpp:155[m[K,
[7.717s]                  from [01m[K/home/user/ws/src/chibi25_b/global_path_planner/include/global_path_planner/global_path_planner.hpp:4[m[K,
[7.717s]                  from [01m[K/home/user/ws/src/chibi25_b/global_path_planner/src/global_path_planner.cpp:1[m[K:
[7.717s] [01m[K/usr/include/c++/11/bits/stl_vector.h:1430:7:[m[K [01;36m[Knote: [m[Kcandidate: ‚Äò[01m[Kstd::vector<_Tp, _Alloc>::iterator std::vector<_Tp, _Alloc>::erase(std::vector<_Tp, _Alloc>::const_iterator) [with _Tp = Node_; _Alloc = std::allocator<Node_>; std::vector<_Tp, _Alloc>::iterator = std::vector<Node_>::iterator; std::vector<_Tp, _Alloc>::const_iterator = std::vector<Node_>::const_iterator][m[K‚Äô
[7.717s]  1430 |       [01;36m[Kerase[m[K(const_iterator __position)
[7.717s]       |       [01;36m[K^~~~~[m[K
[7.717s] [01m[K/usr/include/c++/11/bits/stl_vector.h:1430:28:[m[K [01;36m[Knote: [m[K  no known conversion for argument 1 from ‚Äò[01m[Kint[m[K‚Äô to ‚Äò[01m[Kstd::vector<Node_>::const_iterator[m[K‚Äô
[7.718s]  1430 |       erase([01;36m[Kconst_iterator __position[m[K)
[7.718s]       |             [01;36m[K~~~~~~~~~~~~~~~^~~~~~~~~~[m[K
[7.719s] [01m[K/usr/include/c++/11/bits/stl_vector.h:1457:7:[m[K [01;36m[Knote: [m[Kcandidate: ‚Äò[01m[Kstd::vector<_Tp, _Alloc>::iterator std::vector<_Tp, _Alloc>::erase(std::vector<_Tp, _Alloc>::const_iterator, std::vector<_Tp, _Alloc>::const_iterator) [with _Tp = Node_; _Alloc = std::allocator<Node_>; std::vector<_Tp, _Alloc>::iterator = std::vector<Node_>::iterator; std::vector<_Tp, _Alloc>::const_iterator = std::vector<Node_>::const_iterator][m[K‚Äô
[7.719s]  1457 |       [01;36m[Kerase[m[K(const_iterator __first, const_iterator __last)
[7.720s]       |       [01;36m[K^~~~~[m[K
[7.720s] [01m[K/usr/include/c++/11/bits/stl_vector.h:1457:7:[m[K [01;36m[Knote: [m[K  candidate expects 2 arguments, 1 provided
[7.720s] [01m[K/home/user/ws/src/chibi25_b/global_path_planner/src/global_path_planner.cpp:[m[K In member function ‚Äò[01m[Kbool Astar::check_obs(Node_)[m[K‚Äô:
[7.721s] [01m[K/home/user/ws/src/chibi25_b/global_path_planner/src/global_path_planner.cpp:240:36:[m[K [01;31m[Kerror: [m[Koverloaded function with no contextual type information
[7.721s]   240 |     index = node.y * width_ + node.[01;31m[Kx[m[K;
[7.721s]       |                                    [01;31m[K^[m[K
[7.721s] [01m[K/home/user/ws/src/chibi25_b/global_path_planner/src/global_path_planner.cpp:243:15:[m[K [01;31m[Kerror: [m[Kinvalid operands of types ‚Äò[01m[K<unresolved overloaded function type>[m[K‚Äô and ‚Äò[01m[Kint[m[K‚Äô to binary ‚Äò[01m[Koperator<[m[K‚Äô
[7.722s]   243 |     if ([01;31m[Kindex < 0[m[K || index >= static_cast<int>(new_map_.data.size())) {
[7.722s]       |         [01;31m[K~~~~~~^~~[m[K
[7.722s] [01m[K/home/user/ws/src/chibi25_b/global_path_planner/src/global_path_planner.cpp:243:28:[m[K [01;31m[Kerror: [m[Kinvalid operands of types ‚Äò[01m[K<unresolved overloaded function type>[m[K‚Äô and ‚Äò[01m[Kint[m[K‚Äô to binary ‚Äò[01m[Koperator>=[m[K‚Äô
[7.722s]   243 |     if (index < 0 || [01;31m[Kindex >= static_cast<int>(new_map_.data.size())[m[K) {
[7.722s]       |                      [01;31m[K~~~~~~^~~~~~~~~~~~~~~~~~~~~~~~~~~~~~~~~~~~~~~~~[m[K
[7.723s] [01m[K/home/user/ws/src/chibi25_b/global_path_planner/src/global_path_planner.cpp:248:38:[m[K [01;31m[Kerror: [m[Kno match for ‚Äò[01m[Koperator[][m[K‚Äô (operand types are ‚Äò[01m[Knav_msgs::msg::OccupancyGrid_<std::allocator<void> >::_data_type[m[K‚Äô {aka ‚Äò[01m[Kstd::vector<signed char, std::allocator<signed char> >[m[K‚Äô} and ‚Äò[01m[K<unresolved overloaded function type>[m[K‚Äô)
[7.723s]   248 |     int8_t cell_value = new_map_.data[01;31m[K[[m[Kindex];//int8_t„ÅØÁ¨¶Âè∑‰ªòÊï¥Êï∞Âûã
[7.723s]       |                                      [01;31m[K^[m[K
[7.723s] In file included from [01m[K/usr/include/c++/11/vector:67[m[K,
[7.724s]                  from [01m[K/usr/include/c++/11/functional:62[m[K,
[7.724s]                  from [01m[K/usr/include/c++/11/pstl/glue_algorithm_defs.h:13[m[K,
[7.724s]                  from [01m[K/usr/include/c++/11/algorithm:74[m[K,
[7.724s]                  from [01m[K/opt/ros/humble/include/rclcpp/rclcpp/executor.hpp:18[m[K,
[7.725s]                  from [01m[K/opt/ros/humble/include/rclcpp/rclcpp/executors/multi_threaded_executor.hpp:25[m[K,
[7.725s]                  from [01m[K/opt/ros/humble/include/rclcpp/rclcpp/executors.hpp:21[m[K,
[7.725s]                  from [01m[K/opt/ros/humble/include/rclcpp/rclcpp/rclcpp.hpp:155[m[K,
[7.725s]                  from [01m[K/home/user/ws/src/chibi25_b/global_path_planner/include/global_path_planner/global_path_planner.hpp:4[m[K,
[7.725s]                  from [01m[K/home/user/ws/src/chibi25_b/global_path_planner/src/global_path_planner.cpp:1[m[K:
[7.726s] [01m[K/usr/include/c++/11/bits/stl_vector.h:1043:7:[m[K [01;36m[Knote: [m[Kcandidate: ‚Äò[01m[Kstd::vector<_Tp, _Alloc>::reference std::vector<_Tp, _Alloc>::operator[](std::vector<_Tp, _Alloc>::size_type) [with _Tp = signed char; _Alloc = std::allocator<signed char>; std::vector<_Tp, _Alloc>::reference = signed char&; std::vector<_Tp, _Alloc>::size_type = long unsigned int][m[K‚Äô
[7.726s]  1043 |       [01;36m[Koperator[m[K[](size_type __n) _GLIBCXX_NOEXCEPT
[7.726s]       |       [01;36m[K^~~~~~~~[m[K
[7.727s] [01m[K/usr/include/c++/11/bits/stl_vector.h:1043:28:[m[K [01;36m[Knote: [m[K  no known conversion for argument 1 from ‚Äò[01m[K<unresolved overloaded function type>[m[K‚Äô to ‚Äò[01m[Kstd::vector<signed char, std::allocator<signed char> >::size_type[m[K‚Äô {aka ‚Äò[01m[Klong unsigned int[m[K‚Äô}
[7.727s]  1043 |       operator[]([01;36m[Ksize_type __n[m[K) _GLIBCXX_NOEXCEPT
[7.727s]       |                  [01;36m[K~~~~~~~~~~^~~[m[K
[7.727s] [01m[K/usr/include/c++/11/bits/stl_vector.h:1061:7:[m[K [01;36m[Knote: [m[Kcandidate: ‚Äò[01m[Kstd::vector<_Tp, _Alloc>::const_reference std::vector<_Tp, _Alloc>::operator[](std::vector<_Tp, _Alloc>::size_type) const [with _Tp = signed char; _Alloc = std::allocator<signed char>; std::vector<_Tp, _Alloc>::const_reference = const signed char&; std::vector<_Tp, _Alloc>::size_type = long unsigned int][m[K‚Äô
[7.727s]  1061 |       [01;36m[Koperator[m[K[](size_type __n) const _GLIBCXX_NOEXCEPT
[7.728s]       |       [01;36m[K^~~~~~~~[m[K
[7.728s] [01m[K/usr/include/c++/11/bits/stl_vector.h:1061:28:[m[K [01;36m[Knote: [m[K  no known conversion for argument 1 from ‚Äò[01m[K<unresolved overloaded function type>[m[K‚Äô to ‚Äò[01m[Kstd::vector<signed char, std::allocator<signed char> >::size_type[m[K‚Äô {aka ‚Äò[01m[Klong unsigned int[m[K‚Äô}
[7.728s]  1061 |       operator[]([01;36m[Ksize_type __n[m[K) const _GLIBCXX_NOEXCEPT
[7.728s]       |                  [01;36m[K~~~~~~~~~~^~~[m[K
[7.728s] [01m[K/home/user/ws/src/chibi25_b/global_path_planner/src/global_path_planner.cpp:[m[K In member function ‚Äò[01m[Kvoid Astar::update_list(Node_)[m[K‚Äô:
[7.729s] [01m[K/home/user/ws/src/chibi25_b/global_path_planner/src/global_path_planner.cpp:267:13:[m[K [01;31m[Kerror: [m[K‚Äò[01m[Kclose_list[m[K‚Äô was not declared in this scope; did you mean ‚Äò[01m[Kclose_list_[m[K‚Äô?
[7.729s]   267 |         if ([01;31m[Kclose_list[m[K(neighbor)||check_obs(neighbor)){
[7.729s]       |             [01;31m[K^~~~~~~~~~[m[K
[7.729s]       |             [32m[Kclose_list_[m[K
[7.729s] [01m[K/home/user/ws/src/chibi25_b/global_path_planner/src/global_path_planner.cpp:[m[K In member function ‚Äò[01m[KMotion_ Astar::motion(int, int, int)[m[K‚Äô:
[7.730s] [01m[K/home/user/ws/src/chibi25_b/global_path_planner/src/global_path_planner.cpp:316:28:[m[K [01;35m[Kwarning: [m[Knarrowing conversion of ‚Äò[01m[K(int)cost[m[K‚Äô from ‚Äò[01m[Kint[m[K‚Äô to ‚Äò[01m[Kdouble[m[K‚Äô [[01;35m[K-Wnarrowing[m[K]
[7.730s]   316 |     return Motion_{dx, dy, [01;35m[Kcost[m[K};
[7.730s]       |                            [01;35m[K^~~~[m[K
[7.730s] [01m[K/home/user/ws/src/chibi25_b/global_path_planner/src/global_path_planner.cpp:[m[K In member function ‚Äò[01m[KNode_ Astar::get_neighbor_node(Node_, Motion_)[m[K‚Äô:
[7.731s] [01m[K/home/user/ws/src/chibi25_b/global_path_planner/src/global_path_planner.cpp:325:14:[m[K [01;31m[Kerror: [m[K‚Äò[01m[Kstruct Node_[m[K‚Äô has no member named ‚Äò[01m[Kcost[m[K‚Äô
[7.731s]   325 |     neighbor.[01;31m[Kcost[m[K = motion.cost;
[7.731s]       |              [01;31m[K^~~~[m[K
[7.731s] [01m[K/home/user/ws/src/chibi25_b/global_path_planner/src/global_path_planner.cpp:[m[K In member function ‚Äò[01m[Kbool Astar::check_parent(int, Node_)[m[K‚Äô:
[7.732s] [01m[K/home/user/ws/src/chibi25_b/global_path_planner/src/global_path_planner.cpp:359:18:[m[K [01;31m[Kerror: [m[Kassignment of read-only parameter ‚Äò[01m[Kindex[m[K‚Äô
[7.732s]   359 |     return [01;31m[Kindex = node.parent_y * width_ + node.parent_x[m[K;
[7.732s]       |            [01;31m[K~~~~~~^~~~~~~~~~~~~~~~~~~~~~~~~~~~~~~~~~~~~~~~[m[K
[7.733s] [01m[K/home/user/ws/src/chibi25_b/global_path_planner/src/global_path_planner.cpp:[m[K In lambda function:
[7.733s] [01m[K/home/user/ws/src/chibi25_b/global_path_planner/src/global_path_planner.cpp:371:30:[m[K [01;31m[Kerror: [m[K‚Äò[01m[Knode[m[K‚Äô is not captured
[7.733s]   371 |         if(check_same_node(n,[01;31m[Knode[m[K) == true){
[7.734s]       |                              [01;31m[K^~~~[m[K
[7.734s] [01m[K/home/user/ws/src/chibi25_b/global_path_planner/src/global_path_planner.cpp:370:58:[m[K [01;36m[Knote: [m[Kthe lambda has no capture-default
[7.735s]   370 | uto result = std::find_if(list.begin(),list.end(), [[01;36m[K][m[K(const Node_& n){
[7.735s]       |                                                     [01;36m[K^[m[K
[7.736s] 
[7.736s] [01m[K/home/user/ws/src/chibi25_b/global_path_planner/src/global_path_planner.cpp:368:46:[m[K [01;36m[Knote: [m[K‚Äò[01m[Kconst Node_ node[m[K‚Äô declared here
[7.736s]   368 | int Astar::search_node_from_list([01;36m[Kconst Node_ node[m[K, std::vector<Node_>& list)
[7.737s]       |                                  [01;36m[K~~~~~~~~~~~~^~~~[m[K
[7.737s] [01m[K/home/user/ws/src/chibi25_b/global_path_planner/src/global_path_planner.cpp:372:20:[m[K [01;31m[Kerror: [m[K‚Äò[01m[Knode[m[K‚Äô is not captured
[7.738s]   372 |             return [01;31m[Knode[m[K.y * width
[7.738s]       |                    [01;31m[K^~~~[m[K
[7.739s] [01m[K/home/user/ws/src/chibi25_b/global_path_planner/src/global_path_planner.cpp:370:58:[m[K [01;36m[Knote: [m[Kthe lambda has no capture-default
[7.739s]   370 | uto result = std::find_if(list.begin(),list.end(), [[01;36m[K][m[K(const Node_& n){
[7.739s]       |                                                     [01;36m[K^[m[K
[7.739s] 
[7.740s] [01m[K/home/user/ws/src/chibi25_b/global_path_planner/src/global_path_planner.cpp:368:46:[m[K [01;36m[Knote: [m[K‚Äò[01m[Kconst Node_ node[m[K‚Äô declared here
[7.740s]   368 | int Astar::search_node_from_list([01;36m[Kconst Node_ node[m[K, std::vector<Node_>& list)
[7.741s]       |                                  [01;36m[K~~~~~~~~~~~~^~~~[m[K
[7.741s] [01m[K/home/user/ws/src/chibi25_b/global_path_planner/src/global_path_planner.cpp:372:29:[m[K [01;31m[Kerror: [m[K‚Äò[01m[Kwidth[m[K‚Äô was not declared in this scope; did you mean ‚Äò[01m[Kwidth_[m[K‚Äô?
[7.741s]   372 |             return node.y * [01;31m[Kwidth[m[K
[7.742s]       |                             [01;31m[K^~~~~[m[K
[7.742s]       |                             [32m[Kwidth_[m[K
[7.742s] [01m[K/home/user/ws/src/chibi25_b/global_path_planner/src/global_path_planner.cpp:372:34:[m[K [01;31m[Kerror: [m[Kexpected ‚Äò[01m[K;[m[K‚Äô before ‚Äò[01m[K}[m[K‚Äô token
[7.742s]   372 |             return node.y * width
[7.742s]       |                                  [01;31m[K^[m[K
[7.742s]       |                                  [32m[K;[m[K
[7.742s]   373 |         [32m[K}[m[K//Âêå„Åò„Éé„Éº„Éâ„ÇíÊé¢„Åô„ÄÄauto„Å†„ÅëÂøÉÈÖç
[7.743s]       |         [32m[K~[m[K                         
[7.743s] [01m[K/home/user/ws/src/chibi25_b/global_path_planner/src/global_path_planner.cpp:[m[K In member function ‚Äò[01m[Kvoid Astar::show_node_point(Node_)[m[K‚Äô:
[7.743s] [01m[K/home/user/ws/src/chibi25_b/global_path_planner/src/global_path_planner.cpp:389:63:[m[K [01;31m[Kerror: [m[Kconversion from ‚Äò[01m[Kgeometry_msgs::msg::PoseStamped[m[K‚Äô {aka ‚Äò[01m[Kgeometry_msgs::msg::PoseStamped_<std::allocator<void> >[m[K‚Äô} to non-scalar type ‚Äò[01m[Kgeometry_msgs::msg::PointStamped[m[K‚Äô {aka ‚Äò[01m[Kgeometry_msgs::msg::PointStamped_<std::allocator<void> >[m[K‚Äô} requested
[7.743s]   389 | ometry_msgs::msg::PointStamped node_check = [01;31m[Knode_to_pose(node)[m[K;
[7.744s]       |                                             [01;31m[K~~~~~~~~~~~~^~~~~~[m[K
[7.744s] 
[7.744s] [01m[K/home/user/ws/src/chibi25_b/global_path_planner/src/global_path_planner.cpp:[m[K In member function ‚Äò[01m[Kvoid Astar::show_path(nav_msgs::msg::Path&)[m[K‚Äô:
[7.744s] [01m[K/home/user/ws/src/chibi25_b/global_path_planner/src/global_path_planner.cpp:403:47:[m[K [01;31m[Kerror: [m[Kno match for ‚Äò[01m[Koperator=[m[K‚Äô (operand types are ‚Äò[01m[Kstd_msgs::msg::Header_<std::allocator<void> >::_stamp_type[m[K‚Äô {aka ‚Äò[01m[Kbuiltin_interfaces::msg::Time_<std::allocator<void> >[m[K‚Äô} and ‚Äò[01m[Kvoid[m[K‚Äô)
[7.744s]   403 |     current_path.header.stamp = show_exe_time([01;31m[K)[m[K;
[7.745s]       |                                               [01;31m[K^[m[K
[7.745s] In file included from [01m[K/opt/ros/humble/include/builtin_interfaces/builtin_interfaces/msg/time.hpp:7[m[K,
[7.745s]                  from [01m[K/opt/ros/humble/include/rclcpp/rclcpp/time.hpp:18[m[K,
[7.745s]                  from [01m[K/opt/ros/humble/include/rclcpp/rclcpp/clock.hpp:24[m[K,
[7.746s]                  from [01m[K/opt/ros/humble/include/rclcpp/rclcpp/timer.hpp:27[m[K,
[7.746s]                  from [01m[K/opt/ros/humble/include/rclcpp/rclcpp/callback_group.hpp:30[m[K,
[7.746s]                  from [01m[K/opt/ros/humble/include/rclcpp/rclcpp/any_executable.hpp:20[m[K,
[7.746s]                  from [01m[K/opt/ros/humble/include/rclcpp/rclcpp/memory_strategy.hpp:25[m[K,
[7.746s]                  from [01m[K/opt/ros/humble/include/rclcpp/rclcpp/memory_strategies.hpp:18[m[K,
[7.747s]                  from [01m[K/opt/ros/humble/include/rclcpp/rclcpp/executor_options.hpp:20[m[K,
[7.747s]                  from [01m[K/opt/ros/humble/include/rclcpp/rclcpp/executor.hpp:37[m[K,
[7.747s]                  from [01m[K/opt/ros/humble/include/rclcpp/rclcpp/executors/multi_threaded_executor.hpp:25[m[K,
[7.747s]                  from [01m[K/opt/ros/humble/include/rclcpp/rclcpp/executors.hpp:21[m[K,
[7.747s]                  from [01m[K/opt/ros/humble/include/rclcpp/rclcpp/rclcpp.hpp:155[m[K,
[7.747s]                  from [01m[K/home/user/ws/src/chibi25_b/global_path_planner/include/global_path_planner/global_path_planner.hpp:4[m[K,
[7.747s]                  from [01m[K/home/user/ws/src/chibi25_b/global_path_planner/src/global_path_planner.cpp:1[m[K:
[7.747s] [01m[K/opt/ros/humble/include/builtin_interfaces/builtin_interfaces/msg/detail/time__struct.hpp:32:8:[m[K [01;36m[Knote: [m[Kcandidate: ‚Äò[01m[Kconstexpr builtin_interfaces::msg::Time_<std::allocator<void> >& builtin_interfaces::msg::Time_<std::allocator<void> >::operator=(const builtin_interfaces::msg::Time_<std::allocator<void> >&)[m[K‚Äô
[7.748s]    32 | struct [01;36m[KTime_[m[K
[7.748s]       |        [01;36m[K^~~~~[m[K
[7.748s] [01m[K/opt/ros/humble/include/builtin_interfaces/builtin_interfaces/msg/detail/time__struct.hpp:32:8:[m[K [01;36m[Knote: [m[K  no known conversion for argument 1 from ‚Äò[01m[Kvoid[m[K‚Äô to ‚Äò[01m[Kconst builtin_interfaces::msg::Time_<std::allocator<void> >&[m[K‚Äô
[7.749s] [01m[K/opt/ros/humble/include/builtin_interfaces/builtin_interfaces/msg/detail/time__struct.hpp:32:8:[m[K [01;36m[Knote: [m[Kcandidate: ‚Äò[01m[Kconstexpr builtin_interfaces::msg::Time_<std::allocator<void> >& builtin_interfaces::msg::Time_<std::allocator<void> >::operator=(builtin_interfaces::msg::Time_<std::allocator<void> >&&)[m[K‚Äô
[7.749s] [01m[K/opt/ros/humble/include/builtin_interfaces/builtin_interfaces/msg/detail/time__struct.hpp:32:8:[m[K [01;36m[Knote: [m[K  no known conversion for argument 1 from ‚Äò[01m[Kvoid[m[K‚Äô to ‚Äò[01m[Kbuiltin_interfaces::msg::Time_<std::allocator<void> >&&[m[K‚Äô
[7.749s] [01m[K/home/user/ws/src/chibi25_b/global_path_planner/src/global_path_planner.cpp:405:5:[m[K [01;31m[Kerror: [m[K‚Äò[01m[Kpath_pub_[m[K‚Äô was not declared in this scope
[7.749s]   405 |     [01;31m[Kpath_pub_[m[K->publish(current_path);
[7.749s]       |     [01;31m[K^~~~~~~~~[m[K
[11.000s] [01m[K/home/user/ws/src/chibi25_b/global_path_planner/src/global_path_planner.cpp:[m[K In member function ‚Äò[01m[Kint Astar::check_list(Node_, std::vector<Node_>&)[m[K‚Äô:
[11.000s] [01m[K/home/user/ws/src/chibi25_b/global_path_planner/src/global_path_planner.cpp:224:1:[m[K [01;35m[Kwarning: [m[Kcontrol reaches end of non-void function [[01;35m[K-Wreturn-type[m[K]
[11.000s]   224 | [01;35m[K}[m[K
[11.000s]       | [01;35m[K^[m[K
[11.003s] [01m[K/home/user/ws/src/chibi25_b/global_path_planner/src/global_path_planner.cpp:[m[K In member function ‚Äò[01m[Kint Astar::search_node_from_list(Node_, std::vector<Node_>&)[m[K‚Äô:
[11.003s] [01m[K/home/user/ws/src/chibi25_b/global_path_planner/src/global_path_planner.cpp:379:1:[m[K [01;35m[Kwarning: [m[Kcontrol reaches end of non-void function [[01;35m[K-Wreturn-type[m[K]
[11.003s]   379 | [01;35m[K}[m[K
[11.004s]       | [01;35m[K^[m[K
[11.057s] gmake[2]: *** [CMakeFiles/teamb_global_path_planner_node.dir/build.make:76: CMakeFiles/teamb_global_path_planner_node.dir/src/global_path_planner.cpp.o] Error 1
[11.057s] gmake[1]: *** [CMakeFiles/Makefile2:137: CMakeFiles/teamb_global_path_planner_node.dir/all] Error 2
[11.057s] gmake: *** [Makefile:146: all] Error 2
